This is pdfTeX, Version 3.141592653-2.6-1.40.25 (TeX Live 2023/Debian) (preloaded format=pdflatex 2024.3.15)  12 APR 2024 11:22
entering extended mode
 \write18 enabled.
 file:line:error style messages enabled.
 %&-line parsing enabled.
**main.tex
(./main.tex
LaTeX2e <2023-06-01>
L3 programming layer <2023-06-05>
(/usr/share/texlive/texmf-dist/tex/latex/koma-script/scrbook.cls
Document Class: scrbook 2023/04/24 v3.40 KOMA-Script document class (book)
(/usr/share/texlive/texmf-dist/tex/latex/koma-script/scrkbase.sty
Package: scrkbase 2023/04/24 v3.40 KOMA-Script package (KOMA-Script-dependent b
asics and keyval usage)

(/usr/share/texlive/texmf-dist/tex/latex/koma-script/scrbase.sty
Package: scrbase 2023/04/24 v3.40 KOMA-Script package (KOMA-Script-independent 
basics and keyval usage)

(/usr/share/texlive/texmf-dist/tex/latex/koma-script/scrlfile.sty
Package: scrlfile 2023/04/24 v3.40 KOMA-Script package (file load hooks)

(/usr/share/texlive/texmf-dist/tex/latex/koma-script/scrlfile-hook.sty
Package: scrlfile-hook 2023/04/24 v3.40 KOMA-Script package (using LaTeX hooks)


(/usr/share/texlive/texmf-dist/tex/latex/koma-script/scrlogo.sty
Package: scrlogo 2023/04/24 v3.40 KOMA-Script package (logo)
)))
(/usr/share/texlive/texmf-dist/tex/latex/graphics/keyval.sty
Package: keyval 2022/05/29 v1.15 key=value parser (DPC)
\KV@toks@=\toks17
)
Applying: [2021/05/01] Usage of raw or classic option list on input line 252.
Already applied: [0000/00/00] Usage of raw or classic option list on input line
 368.
))
(/usr/share/texlive/texmf-dist/tex/latex/koma-script/tocbasic.sty
Package: tocbasic 2023/04/24 v3.40 KOMA-Script package (handling toc-files)
\scr@dte@tocline@numberwidth=\skip48
\scr@dte@tocline@numbox=\box51
)
Package tocbasic Info: omitting babel extension for `toc'
(tocbasic)             because of feature `nobabel' available
(tocbasic)             for `toc' on input line 135.
Package scrbook Info: You've used standard option `11pt'.
(scrbook)             This is correct!
(scrbook)             Internally I'm using `fontsize=11pt'.
(scrbook)             If you'd like to set the option with \KOMAoptions,
(scrbook)             you'd have to use `fontsize=11pt' there
(scrbook)             instead of `11pt', too.
Class scrbook Info: File `scrsize11pt.clo' used to setup font sizes on input li
ne 2671.

(/usr/share/texlive/texmf-dist/tex/latex/koma-script/scrsize11pt.clo
File: scrsize11pt.clo 2023/04/24 v3.40 KOMA-Script font size class option (11pt
)
)
(/usr/share/texlive/texmf-dist/tex/latex/koma-script/typearea.sty
Package: typearea 2023/04/24 v3.40 KOMA-Script package (type area)
\ta@bcor=\skip49
\ta@div=\count185
Package typearea Info: You've used standard option `a4paper'.
(typearea)             This is correct!
(typearea)             Internally I'm using `paper=a4'.
(typearea)             If you'd like to set the option with \KOMAoptions,
(typearea)             you'd have to use `paper=a4' there
(typearea)             instead of `a4paper', too.
\ta@hblk=\skip50
\ta@vblk=\skip51
\ta@temp=\skip52
\footheight=\skip53
Package typearea Info: These are the values describing the layout:
(typearea)             DIV  = 13
(typearea)             BCOR = 34.1433pt
(typearea)             \paperwidth      = 597.50793pt
(typearea)              \textwidth      = 433.35742pt
(typearea)              DIV departure   = -10%
(typearea)              \evensidemargin = 14.40149pt
(typearea)              \oddsidemargin  = 5.20905pt
(typearea)             \paperheight     = 845.04694pt
(typearea)              \textheight     = 568.60025pt
(typearea)              \topmargin      = -7.26639pt
(typearea)              \headheight     = 17.0pt
(typearea)              \headsep        = 20.40001pt
(typearea)              \topskip        = 11.0pt
(typearea)              \footskip       = 47.6pt
(typearea)              \baselineskip   = 13.6pt
(typearea)              on input line 1798.
)
\c@part=\count186
\c@chapter=\count187
\c@section=\count188
\c@subsection=\count189
\c@subsubsection=\count190
\c@paragraph=\count191
\c@subparagraph=\count192
\scr@dte@chapter@maxnumwidth=\skip54
Class scrbook Info: using compatibility default `afterindent=bysign'
(scrbook)           for `\chapter on input line 5957.
\scr@dte@section@maxnumwidth=\skip55
Class scrbook Info: using compatibility default `runin=bysign'
(scrbook)           for `\section on input line 5968.
Class scrbook Info: using compatibility default `afterindent=bysign'
(scrbook)           for `\section on input line 5968.
\scr@dte@part@maxnumwidth=\skip56
Class scrbook Info: using compatibility default `afterindent=true'
(scrbook)           for `\part on input line 5977.
\scr@dte@subsection@maxnumwidth=\skip57
Class scrbook Info: using compatibility default `runin=bysign'
(scrbook)           for `\subsection on input line 5987.
Class scrbook Info: using compatibility default `afterindent=bysign'
(scrbook)           for `\subsection on input line 5987.
\scr@dte@subsubsection@maxnumwidth=\skip58
Class scrbook Info: using compatibility default `runin=bysign'
(scrbook)           for `\subsubsection on input line 5997.
Class scrbook Info: using compatibility default `afterindent=bysign'
(scrbook)           for `\subsubsection on input line 5997.
\scr@dte@paragraph@maxnumwidth=\skip59
Class scrbook Info: using compatibility default `runin=bysign'
(scrbook)           for `\paragraph on input line 6008.
Class scrbook Info: using compatibility default `afterindent=bysign'
(scrbook)           for `\paragraph on input line 6008.
\scr@dte@subparagraph@maxnumwidth=\skip60
Class scrbook Info: using compatibility default `runin=bysign'
(scrbook)           for `\subparagraph on input line 6018.
Class scrbook Info: using compatibility default `afterindent=bysign'
(scrbook)           for `\subparagraph on input line 6018.
\abovecaptionskip=\skip61
\belowcaptionskip=\skip62
\c@pti@nb@sid@b@x=\box52
Package tocbasic Info: omitting babel extension for `lof'
(tocbasic)             because of feature `nobabel' available
(tocbasic)             for `lof' on input line 7201.
\scr@dte@figure@maxnumwidth=\skip63
\c@figure=\count193
Package tocbasic Info: omitting babel extension for `lot'
(tocbasic)             because of feature `nobabel' available
(tocbasic)             for `lot' on input line 7218.
\scr@dte@table@maxnumwidth=\skip64
\c@table=\count194
Class scrbook Info: Redefining `\numberline' on input line 7389.
\bibindent=\dimen140
)
(./components/info.tex) (./components/settings.tex
(/usr/share/texlive/texmf-dist/tex/latex/psnfss/palatino.sty
Package: palatino 2020/03/25 PSNFSS-v9.3 (SPQR) 
)
(/usr/share/texlive/texmf-dist/tex/latex/koma-script/scrlayer-scrpage.sty
Package: scrlayer-scrpage 2023/04/24 v3.40 KOMA-Script package (end user interf
ace for scrlayer)

(/usr/share/texlive/texmf-dist/tex/latex/koma-script/scrlayer.sty
Package: scrlayer 2023/04/24 v3.40 KOMA-Script package (defining layers and pag
e styles)
Package scrlayer Info: patching LaTeX kernel macro \pagestyle on input line 217
6.
)
Package scrlayer-scrpage Info: Makeing stand-alone element `pagehead' from
(scrlayer-scrpage)             alias to `pageheadfoot' on input line 1097.
)
(/usr/share/texlive/texmf-dist/tex/latex/koma-script/scrhack.sty
Package: scrhack 2023/04/24 v3.40 KOMA-Script package (hacking other packages)

(/usr/share/texlive/texmf-dist/tex/latex/xpatch/xpatch.sty
(/usr/share/texlive/texmf-dist/tex/latex/l3kernel/expl3.sty
Package: expl3 2023-06-05 L3 programming layer (loader) 

(/usr/share/texlive/texmf-dist/tex/latex/l3backend/l3backend-pdftex.def
File: l3backend-pdftex.def 2023-04-19 L3 backend support: PDF output (pdfTeX)
\l__color_backend_stack_int=\count195
\l__pdf_internal_box=\box53
))
Package: xpatch 2020/03/25 v0.3a Extending etoolbox patching commands

(/usr/share/texlive/texmf-dist/tex/latex/l3packages/xparse/xparse.sty
Package: xparse 2023-02-02 L3 Experimental document command parser
)
(/usr/share/texlive/texmf-dist/tex/latex/etoolbox/etoolbox.sty
Package: etoolbox 2020/10/05 v2.5k e-TeX tools for LaTeX (JAW)
\etb@tempcnta=\count196
)))
(/usr/share/texlive/texmf-dist/tex/latex/base/ifthen.sty
Package: ifthen 2022/04/13 v1.1d Standard LaTeX ifthen package (DPC)
)
(/usr/share/texlive/texmf-dist/tex/latex/graphics/rotating.sty
Package: rotating 2016/08/11 v2.16d rotated objects in LaTeX

(/usr/share/texlive/texmf-dist/tex/latex/graphics/graphicx.sty
Package: graphicx 2021/09/16 v1.2d Enhanced LaTeX Graphics (DPC,SPQR)

(/usr/share/texlive/texmf-dist/tex/latex/graphics/graphics.sty
Package: graphics 2022/03/10 v1.4e Standard LaTeX Graphics (DPC,SPQR)

(/usr/share/texlive/texmf-dist/tex/latex/graphics/trig.sty
Package: trig 2021/08/11 v1.11 sin cos tan (DPC)
)
(/usr/share/texlive/texmf-dist/tex/latex/graphics-cfg/graphics.cfg
File: graphics.cfg 2016/06/04 v1.11 sample graphics configuration
)
Package graphics Info: Driver file: pdftex.def on input line 107.

(/usr/share/texlive/texmf-dist/tex/latex/graphics-def/pdftex.def
File: pdftex.def 2022/09/22 v1.2b Graphics/color driver for pdftex
))
\Gin@req@height=\dimen141
\Gin@req@width=\dimen142
)
\c@r@tfl@t=\count197
\rotFPtop=\skip65
\rotFPbot=\skip66
\rot@float@box=\box54
\rot@mess@toks=\toks18
)
Package scrhack Info: hyperref hack deactivated because of
(scrhack)             detection of KOMA-Script class, that doesn't
(scrhack)             need that hack, on input line 39.

(/usr/share/texlive/texmf-dist/tex/latex/hyperref/hyperref.sty
Package: hyperref 2023-05-16 v7.00y Hypertext links for LaTeX

(/usr/share/texlive/texmf-dist/tex/generic/ltxcmds/ltxcmds.sty
Package: ltxcmds 2020-05-10 v1.25 LaTeX kernel commands for general use (HO)
)
(/usr/share/texlive/texmf-dist/tex/generic/iftex/iftex.sty
Package: iftex 2022/02/03 v1.0f TeX engine tests
)
(/usr/share/texlive/texmf-dist/tex/generic/pdftexcmds/pdftexcmds.sty
Package: pdftexcmds 2020-06-27 v0.33 Utility functions of pdfTeX for LuaTeX (HO
)

(/usr/share/texlive/texmf-dist/tex/generic/infwarerr/infwarerr.sty
Package: infwarerr 2019/12/03 v1.5 Providing info/warning/error messages (HO)
)
Package pdftexcmds Info: \pdf@primitive is available.
Package pdftexcmds Info: \pdf@ifprimitive is available.
Package pdftexcmds Info: \pdfdraftmode found.
)
(/usr/share/texlive/texmf-dist/tex/latex/kvsetkeys/kvsetkeys.sty
Package: kvsetkeys 2022-10-05 v1.19 Key value parser (HO)
)
(/usr/share/texlive/texmf-dist/tex/generic/kvdefinekeys/kvdefinekeys.sty
Package: kvdefinekeys 2019-12-19 v1.6 Define keys (HO)
)
(/usr/share/texlive/texmf-dist/tex/generic/pdfescape/pdfescape.sty
Package: pdfescape 2019/12/09 v1.15 Implements pdfTeX's escape features (HO)
)
(/usr/share/texlive/texmf-dist/tex/latex/hycolor/hycolor.sty
Package: hycolor 2020-01-27 v1.10 Color options for hyperref/bookmark (HO)
)
(/usr/share/texlive/texmf-dist/tex/latex/letltxmacro/letltxmacro.sty
Package: letltxmacro 2019/12/03 v1.6 Let assignment for LaTeX macros (HO)
)
(/usr/share/texlive/texmf-dist/tex/latex/auxhook/auxhook.sty
Package: auxhook 2019-12-17 v1.6 Hooks for auxiliary files (HO)
)
(/usr/share/texlive/texmf-dist/tex/latex/hyperref/nameref.sty
Package: nameref 2023-05-16 v2.51 Cross-referencing by name of section

(/usr/share/texlive/texmf-dist/tex/latex/refcount/refcount.sty
Package: refcount 2019/12/15 v3.6 Data extraction from label references (HO)
)
(/usr/share/texlive/texmf-dist/tex/generic/gettitlestring/gettitlestring.sty
Package: gettitlestring 2019/12/15 v1.6 Cleanup title references (HO)

(/usr/share/texlive/texmf-dist/tex/latex/kvoptions/kvoptions.sty
Package: kvoptions 2022-06-15 v3.15 Key value format for package options (HO)
))
\c@section@level=\count198
)
\@linkdim=\dimen143
\Hy@linkcounter=\count199
\Hy@pagecounter=\count266

(/usr/share/texlive/texmf-dist/tex/latex/hyperref/pd1enc.def
File: pd1enc.def 2023-05-16 v7.00y Hyperref: PDFDocEncoding definition (HO)
Now handling font encoding PD1 ...
... no UTF-8 mapping file for font encoding PD1
)
(/usr/share/texlive/texmf-dist/tex/generic/intcalc/intcalc.sty
Package: intcalc 2019/12/15 v1.3 Expandable calculations with integers (HO)
)
\Hy@SavedSpaceFactor=\count267

(/usr/share/texlive/texmf-dist/tex/latex/hyperref/puenc.def
File: puenc.def 2023-05-16 v7.00y Hyperref: PDF Unicode definition (HO)
Now handling font encoding PU ...
... no UTF-8 mapping file for font encoding PU
)
Package hyperref Info: Hyper figures OFF on input line 4167.
Package hyperref Info: Link nesting OFF on input line 4172.
Package hyperref Info: Hyper index ON on input line 4175.
Package hyperref Info: Plain pages OFF on input line 4182.
Package hyperref Info: Backreferencing OFF on input line 4187.
Package hyperref Info: Implicit mode ON; LaTeX internals redefined.
Package hyperref Info: Bookmarks ON on input line 4434.
\c@Hy@tempcnt=\count268

(/usr/share/texlive/texmf-dist/tex/latex/url/url.sty
\Urlmuskip=\muskip16
Package: url 2013/09/16  ver 3.4  Verb mode for urls, etc.
)
LaTeX Info: Redefining \url on input line 4772.
\XeTeXLinkMargin=\dimen144

(/usr/share/texlive/texmf-dist/tex/generic/bitset/bitset.sty
Package: bitset 2019/12/09 v1.3 Handle bit-vector datatype (HO)

(/usr/share/texlive/texmf-dist/tex/generic/bigintcalc/bigintcalc.sty
Package: bigintcalc 2019/12/15 v1.5 Expandable calculations on big integers (HO
)
))
\Fld@menulength=\count269
\Field@Width=\dimen145
\Fld@charsize=\dimen146
Package hyperref Info: Hyper figures OFF on input line 6051.
Package hyperref Info: Link nesting OFF on input line 6056.
Package hyperref Info: Hyper index ON on input line 6059.
Package hyperref Info: backreferencing OFF on input line 6066.
Package hyperref Info: Link coloring OFF on input line 6071.
Package hyperref Info: Link coloring with OCG OFF on input line 6076.
Package hyperref Info: PDF/A mode OFF on input line 6081.

(/usr/share/texlive/texmf-dist/tex/latex/base/atbegshi-ltx.sty
Package: atbegshi-ltx 2021/01/10 v1.0c Emulation of the original atbegshi
package with kernel methods
)
\Hy@abspage=\count270
\c@Item=\count271
\c@Hfootnote=\count272
)
Package hyperref Info: Driver (autodetected): hpdftex.

(/usr/share/texlive/texmf-dist/tex/latex/hyperref/hpdftex.def
File: hpdftex.def 2023-05-16 v7.00y Hyperref driver for pdfTeX

(/usr/share/texlive/texmf-dist/tex/latex/base/atveryend-ltx.sty
Package: atveryend-ltx 2020/08/19 v1.0a Emulation of the original atveryend pac
kage
with kernel methods
)
\Fld@listcount=\count273
\c@bookmark@seq@number=\count274

(/usr/share/texlive/texmf-dist/tex/latex/rerunfilecheck/rerunfilecheck.sty
Package: rerunfilecheck 2022-07-10 v1.10 Rerun checks for auxiliary files (HO)

(/usr/share/texlive/texmf-dist/tex/generic/uniquecounter/uniquecounter.sty
Package: uniquecounter 2019/12/15 v1.4 Provide unlimited unique counter (HO)
)
Package uniquecounter Info: New unique counter `rerunfilecheck' on input line 2
85.
)
\Hy@SectionHShift=\skip67
)
(/usr/share/texlive/texmf-dist/tex/latex/glossaries/base/glossaries.sty
Package: glossaries 2022/11/03 v4.52 (NLCT)

(/usr/share/texlive/texmf-dist/tex/latex/xkeyval/xkeyval.sty
Package: xkeyval 2022/06/16 v2.9 package option processing (HA)

(/usr/share/texlive/texmf-dist/tex/generic/xkeyval/xkeyval.tex
(/usr/share/texlive/texmf-dist/tex/generic/xkeyval/xkvutils.tex
\XKV@toks=\toks19
\XKV@tempa@toks=\toks20
)
\XKV@depth=\count275
File: xkeyval.tex 2014/12/03 v2.7a key=value parser (HA)
))
(/usr/share/texlive/texmf-dist/tex/latex/mfirstuc/mfirstuc.sty
Package: mfirstuc 2022/10/14 v2.08 (NLCT)
\@glsmfirst=\toks21
\@glsmrest=\toks22
)
(/usr/share/texlive/texmf-dist/tex/latex/xfor/xfor.sty
Package: xfor 2009/02/05 v1.05 (NLCT)
)
(/usr/share/texlive/texmf-dist/tex/latex/datatool/datatool-base.sty
Package: datatool-base 2019/09/27 v2.32 (NLCT)

(/usr/share/texlive/texmf-dist/tex/latex/amsmath/amsmath.sty
Package: amsmath 2023/05/13 v2.17o AMS math features
\@mathmargin=\skip68

For additional information on amsmath, use the `?' option.
(/usr/share/texlive/texmf-dist/tex/latex/amsmath/amstext.sty
Package: amstext 2021/08/26 v2.01 AMS text

(/usr/share/texlive/texmf-dist/tex/latex/amsmath/amsgen.sty
File: amsgen.sty 1999/11/30 v2.0 generic functions
\@emptytoks=\toks23
\ex@=\dimen147
))
(/usr/share/texlive/texmf-dist/tex/latex/amsmath/amsbsy.sty
Package: amsbsy 1999/11/29 v1.2d Bold Symbols
\pmbraise@=\dimen148
)
(/usr/share/texlive/texmf-dist/tex/latex/amsmath/amsopn.sty
Package: amsopn 2022/04/08 v2.04 operator names
)
\inf@bad=\count276
LaTeX Info: Redefining \frac on input line 234.
\uproot@=\count277
\leftroot@=\count278
LaTeX Info: Redefining \overline on input line 399.
LaTeX Info: Redefining \colon on input line 410.
\classnum@=\count279
\DOTSCASE@=\count280
LaTeX Info: Redefining \ldots on input line 496.
LaTeX Info: Redefining \dots on input line 499.
LaTeX Info: Redefining \cdots on input line 620.
\Mathstrutbox@=\box55
\strutbox@=\box56
LaTeX Info: Redefining \big on input line 722.
LaTeX Info: Redefining \Big on input line 723.
LaTeX Info: Redefining \bigg on input line 724.
LaTeX Info: Redefining \Bigg on input line 725.
\big@size=\dimen149
LaTeX Font Info:    Redeclaring font encoding OML on input line 743.
LaTeX Font Info:    Redeclaring font encoding OMS on input line 744.
\macc@depth=\count281
LaTeX Info: Redefining \bmod on input line 905.
LaTeX Info: Redefining \pmod on input line 910.
LaTeX Info: Redefining \smash on input line 940.
LaTeX Info: Redefining \relbar on input line 970.
LaTeX Info: Redefining \Relbar on input line 971.
\c@MaxMatrixCols=\count282
\dotsspace@=\muskip17
\c@parentequation=\count283
\dspbrk@lvl=\count284
\tag@help=\toks24
\row@=\count285
\column@=\count286
\maxfields@=\count287
\andhelp@=\toks25
\eqnshift@=\dimen150
\alignsep@=\dimen151
\tagshift@=\dimen152
\tagwidth@=\dimen153
\totwidth@=\dimen154
\lineht@=\dimen155
\@envbody=\toks26
\multlinegap=\skip69
\multlinetaggap=\skip70
\mathdisplay@stack=\toks27
LaTeX Info: Redefining \[ on input line 2953.
LaTeX Info: Redefining \] on input line 2954.
)
(/usr/share/texlive/texmf-dist/tex/latex/substr/substr.sty
Package: substr 2009/10/20 v1.2 Handle substrings
\c@su@anzahl=\count288
)
(/usr/share/texlive/texmf-dist/tex/latex/datatool/datatool-fp.sty
Package: datatool-fp 2019/09/27 v2.32 (NLCT)

(/usr/share/texlive/texmf-dist/tex/latex/fp/fp.sty
Package: fp 1995/04/02

`Fixed Point Package', Version 0.8, April 2, 1995 (C) Michael Mehlich
(/usr/share/texlive/texmf-dist/tex/latex/fp/defpattern.sty
Package: defpattern 1994/10/12
\actioncount=\count289
)
(/usr/share/texlive/texmf-dist/tex/latex/fp/fp-basic.sty
Package: fp-basic 1996/05/13
\FP@xs=\count290
\FP@xia=\count291
\FP@xib=\count292
\FP@xfa=\count293
\FP@xfb=\count294
\FP@rega=\count295
\FP@regb=\count296
\FP@regs=\count297
\FP@times=\count298
)
(/usr/share/texlive/texmf-dist/tex/latex/fp/fp-addons.sty
Package: fp-addons 1995/03/15
)
(/usr/share/texlive/texmf-dist/tex/latex/fp/fp-snap.sty
Package: fp-snap 1995/04/05
)
(/usr/share/texlive/texmf-dist/tex/latex/fp/fp-exp.sty
Package: fp-exp 1995/04/03
)
(/usr/share/texlive/texmf-dist/tex/latex/fp/fp-trigo.sty
Package: fp-trigo 1995/04/14
)
(/usr/share/texlive/texmf-dist/tex/latex/fp/fp-pas.sty
Package: fp-pas 1994/08/29
)
(/usr/share/texlive/texmf-dist/tex/latex/fp/fp-random.sty
Package: fp-random 1995/02/23
\FPseed=\count299
)
(/usr/share/texlive/texmf-dist/tex/latex/fp/fp-eqn.sty
Package: fp-eqn 1995/04/03
)
(/usr/share/texlive/texmf-dist/tex/latex/fp/fp-upn.sty
Package: fp-upn 1996/10/21
)
(/usr/share/texlive/texmf-dist/tex/latex/fp/fp-eval.sty
Package: fp-eval 1995/04/03
)))
\@dtl@toks=\toks28
\@dtl@tmpcount=\count300
\dtl@tmplength=\skip71
\dtl@sortresult=\count301
\@dtl@numgrpsepcount=\count302
\@dtl@datatype=\count303
\dtl@codeA=\count304
\dtl@codeB=\count305
\@dtl@foreach@level=\count306
)
\gls@level=\count307
\@gls@tmpb=\toks29
\gls@tmplen=\skip72
\glskeylisttok=\toks30
\glslabeltok=\toks31
\glsshorttok=\toks32
\glslongtok=\toks33

(/usr/share/texlive/texmf-dist/tex/latex/glossaries/styles/glossary-hypernav.st
y
Package: glossary-hypernav 2022/11/03 v4.52 (NLCT)
) (/usr/share/texlive/texmf-dist/tex/latex/glossaries/styles/glossary-list.sty
Package: glossary-list 2022/11/03 v4.52 (NLCT)
\glslistdottedwidth=\skip73
) (/usr/share/texlive/texmf-dist/tex/latex/glossaries/styles/glossary-long.sty
Package: glossary-long 2022/11/03 v4.52 (NLCT)

(/usr/share/texlive/texmf-dist/tex/latex/tools/longtable.sty
Package: longtable 2021-09-01 v4.17 Multi-page Table package (DPC)
\LTleft=\skip74
\LTright=\skip75
\LTpre=\skip76
\LTpost=\skip77
\LTchunksize=\count308
\LTcapwidth=\dimen156
\LT@head=\box57
\LT@firsthead=\box58
\LT@foot=\box59
\LT@lastfoot=\box60
\LT@gbox=\box61
\LT@cols=\count309
\LT@rows=\count310
\c@LT@tables=\count311
\c@LT@chunks=\count312
\LT@p@ftn=\toks34
)
Class scrbook Info: longtable captions redefined on input line 47.
\glsdescwidth=\skip78
\glspagelistwidth=\skip79
)
(/usr/share/texlive/texmf-dist/tex/latex/glossaries/styles/glossary-super.sty
Package: glossary-super 2022/11/03 v4.52 (NLCT)

(/usr/share/texlive/texmf-dist/tex/latex/supertabular/supertabular.sty
Package: supertabular 2020/02/02 v4.1g the supertabular environment
\c@tracingst=\count313
\ST@wd=\dimen157
\ST@rightskip=\skip80
\ST@leftskip=\skip81
\ST@parfillskip=\skip82
\ST@pageleft=\dimen158
\ST@headht=\dimen159
\ST@tailht=\dimen160
\ST@pagesofar=\dimen161
\ST@pboxht=\dimen162
\ST@lineht=\dimen163
\ST@prevht=\dimen164
\ST@toadd=\dimen165
\ST@dimen=\dimen166
\ST@pbox=\box62
))
(/usr/share/texlive/texmf-dist/tex/latex/glossaries/styles/glossary-tree.sty
Package: glossary-tree 2022/11/03 v4.52 (NLCT)
\glstreeindent=\skip83
))
(/usr/share/texlive/texmf-dist/tex/latex/base/makeidx.sty
Package: makeidx 2021/10/04 v1.0m Standard LaTeX package
)
(/usr/share/texlive/texmf-dist/tex/latex/float/float.sty
Package: float 2001/11/08 v1.3d Float enhancements (AL)
\c@float@type=\count314
\float@exts=\toks35
\float@box=\box63
\@float@everytoks=\toks36
\@floatcapt=\box64
)
Package scrhack Info: loading float hack on input line 79.

(/usr/share/texlive/texmf-dist/tex/latex/koma-script/float.hak
File: float.hak 2023/04/24 v3.40 KOMA-Script scrhack part (hacking package floa
t)
Package scrhack Info: redefining \newfloat on input line 163.
Package scrhack Info: redefining \listof on input line 163.
Package scrhack Info: undefining \float@addtolists on input line 163.
)
(/usr/share/texlive/texmf-dist/tex/latex/caption/subcaption.sty
Package: subcaption 2023/02/19 v1.6 Sub-captions (AR)

(/usr/share/texlive/texmf-dist/tex/latex/caption/caption.sty
Package: caption 2023/03/12 v3.6j Customizing captions (AR)

(/usr/share/texlive/texmf-dist/tex/latex/caption/caption3.sty
Package: caption3 2023/03/12 v2.4 caption3 kernel (AR)
\caption@tempdima=\dimen167
\captionmargin=\dimen168
\caption@leftmargin=\dimen169
\caption@rightmargin=\dimen170
\caption@width=\dimen171
\caption@indent=\dimen172
\caption@parindent=\dimen173
\caption@hangindent=\dimen174
Package caption Info: KOMA-Script document class detected.

(/usr/share/texlive/texmf-dist/tex/latex/caption/caption-koma.sto
File: caption-koma.sto 2022/12/27 v2.0c Adaption of the caption package to the 
KOMA-Script document classes (AR)
))
\c@caption@flags=\count315
\c@continuedfloat=\count316
Package caption Info: float package is loaded.
Package caption Info: hyperref package is loaded.
Package caption Info: longtable package is loaded.

(/usr/share/texlive/texmf-dist/tex/latex/caption/ltcaption.sty
Package: ltcaption 2021/01/08 v1.4c longtable captions (AR)
)
Package caption Info: rotating package is loaded.
Package caption Info: KOMA-Script scrextend package detected.
\caption@addmargin@hsize=\dimen175
\caption@addmargin@linewidth=\dimen176
Package caption Info: supertabular package is loaded.
)
Package caption Info: New subtype `subfigure' on input line 239.
\c@subfigure=\count317
Package caption Info: New subtype `subtable' on input line 239.
\c@subtable=\count318
)
(/usr/share/texlive/texmf-dist/tex/latex/amsfonts/amsfonts.sty
Package: amsfonts 2013/01/14 v3.01 Basic AMSFonts support
\symAMSa=\mathgroup4
\symAMSb=\mathgroup5
LaTeX Font Info:    Redeclaring math symbol \hbar on input line 98.
LaTeX Font Info:    Overwriting math alphabet `\mathfrak' in version `bold'
(Font)                  U/euf/m/n --> U/euf/b/n on input line 106.
)
(/usr/share/texlive/texmf-dist/tex/latex/minted/minted.sty
Package: minted 2022/12/12 v2.7 Yet another Pygments shim for LaTeX

(/usr/share/texlive/texmf-dist/tex/latex/fvextra/fvextra.sty
Package: fvextra 2022/11/30 v1.5 fvextra - extensions and patches for fancyvrb

(/usr/share/texlive/texmf-dist/tex/latex/fancyvrb/fancyvrb.sty
Package: fancyvrb 2023/01/19 4.5a verbatim text (tvz,hv)
\FV@CodeLineNo=\count319
\FV@InFile=\read2
\FV@TabBox=\box65
\c@FancyVerbLine=\count320
\FV@StepNumber=\count321
\FV@OutFile=\write3
)
(/usr/share/texlive/texmf-dist/tex/latex/upquote/upquote.sty
Package: upquote 2012/04/19 v1.3 upright-quote and grave-accent glyphs in verba
tim

(/usr/share/texlive/texmf-dist/tex/latex/base/textcomp.sty
Package: textcomp 2020/02/02 v2.0n Standard LaTeX package
))
(/usr/share/texlive/texmf-dist/tex/latex/lineno/lineno.sty
Package: lineno 2023/05/20 line numbers on paragraphs v5.3
\linenopenalty=\count322
\output=\toks37
\linenoprevgraf=\count323
\linenumbersep=\dimen177
\linenumberwidth=\dimen178
\c@linenumber=\count324
\c@pagewiselinenumber=\count325
\c@LN@truepage=\count326
\c@internallinenumber=\count327
\c@internallinenumbers=\count328
\quotelinenumbersep=\dimen179
\bframerule=\dimen180
\bframesep=\dimen181
\bframebox=\box66
\linenoamsmath@ams@eqpen=\count329
LaTeX Info: Redefining \\ on input line 3180.
)
\c@FV@TrueTabGroupLevel=\count330
\c@FV@TrueTabCounter=\count331
\FV@TabBox@Group=\box67
\FV@TmpLength=\skip84
\c@FV@HighlightLinesStart=\count332
\c@FV@HighlightLinesStop=\count333
\FV@LoopCount=\count334
\FV@NCharsBox=\box68
\FV@BreakIndent=\dimen182
\FV@BreakIndentNChars=\count335
\FV@BreakSymbolSepLeft=\dimen183
\FV@BreakSymbolSepLeftNChars=\count336
\FV@BreakSymbolSepRight=\dimen184
\FV@BreakSymbolSepRightNChars=\count337
\FV@BreakSymbolIndentLeft=\dimen185
\FV@BreakSymbolIndentLeftNChars=\count338
\FV@BreakSymbolIndentRight=\dimen186
\FV@BreakSymbolIndentRightNChars=\count339
\c@FancyVerbLineBreakLast=\count340
\FV@LineBox=\box69
\FV@LineIndentBox=\box70
\c@FV@BreakBufferDepth=\count341
\FV@LineWidth=\dimen187
)
(/usr/share/texlive/texmf-dist/tex/latex/tools/calc.sty
Package: calc 2017/05/25 v4.3 Infix arithmetic (KKT,FJ)
\calc@Acount=\count342
\calc@Bcount=\count343
\calc@Adimen=\dimen188
\calc@Bdimen=\dimen189
\calc@Askip=\skip85
\calc@Bskip=\skip86
LaTeX Info: Redefining \setlength on input line 80.
LaTeX Info: Redefining \addtolength on input line 81.
\calc@Ccount=\count344
\calc@Cskip=\skip87
)
(/usr/share/texlive/texmf-dist/tex/latex/tools/shellesc.sty
Package: shellesc 2023/04/15 v1.0d unified shell escape interface for LaTeX
Package shellesc Info: Unrestricted shell escape enabled on input line 75.
)
(/usr/share/texlive/texmf-dist/tex/latex/ifplatform/ifplatform.sty
Package: ifplatform 2017/10/13 v0.4a Testing for the operating system

(/usr/share/texlive/texmf-dist/tex/generic/catchfile/catchfile.sty
Package: catchfile 2019/12/09 v1.8 Catch the contents of a file (HO)

(/usr/share/texlive/texmf-dist/tex/generic/etexcmds/etexcmds.sty
Package: etexcmds 2019/12/15 v1.7 Avoid name clashes with e-TeX commands (HO)
))
(/usr/share/texlive/texmf-dist/tex/generic/iftex/ifluatex.sty
Package: ifluatex 2019/10/25 v1.5 ifluatex legacy package. Use iftex instead.
)
runsystem(uname -s > "main.w18")...executed.

 (./main.w18)
runsystem(rm -- "main.w18")...executed.

)
(/usr/share/texlive/texmf-dist/tex/generic/xstring/xstring.sty
(/usr/share/texlive/texmf-dist/tex/generic/xstring/xstring.tex
\integerpart=\count345
\decimalpart=\count346
)
Package: xstring 2023/01/14 v1.85 String manipulations (CT)
)
(/usr/share/texlive/texmf-dist/tex/latex/framed/framed.sty
Package: framed 2011/10/22 v 0.96: framed or shaded text with page breaks
\OuterFrameSep=\skip88
\fb@frw=\dimen190
\fb@frh=\dimen191
\FrameRule=\dimen192
\FrameSep=\dimen193
)
(/usr/share/texlive/texmf-dist/tex/latex/newfloat/newfloat.sty
Package: newfloat 2019/09/02 v1.1l Defining new floating environments (AR)
Package newfloat Info: `rotating' package detected.
)
\minted@appexistsfile=\read3
\minted@bgbox=\box71
\minted@code=\write4
\c@minted@FancyVerbLineTemp=\count347
\c@minted@pygmentizecounter=\count348
Package newfloat Info: New float `listing' with options `fileext=lol,placement=
tbp' on input line 1208.
\c@listing=\count349
Package newfloat Info: float type `listing'=4 on input line 1208.
Package tocbasic Info: omitting babel extension for `lol'
(tocbasic)             because of missing \bbl@set@language on input line 1208.

Package caption Info: New subtype `sublisting' on input line 1208.
\c@sublisting=\count350
)
runsystem(mkdir -p _minted-main)...executed.


(/usr/share/texlive/texmf-dist/tex/latex/tabu/tabu.sty
Package: tabu 2019/01/11 v2.9 - flexible LaTeX tabulars (FC+tabu-fixed) + inter
mediate FMi

(/usr/share/texlive/texmf-dist/tex/latex/tools/array.sty
Package: array 2022/09/04 v2.5g Tabular extension package (FMi)
\col@sep=\dimen194
\ar@mcellbox=\box72
\extrarowheight=\dimen195
\NC@list=\toks38
\extratabsurround=\skip89
\backup@length=\skip90
\ar@cellbox=\box73
)
(/usr/share/texlive/texmf-dist/tex/latex/varwidth/varwidth.sty
Package: varwidth 2009/03/30 ver 0.92;  Variable-width minipages
\@vwid@box=\box74
\sift@deathcycles=\count351
\@vwid@loff=\dimen196
\@vwid@roff=\dimen197
)
\c@taburow=\count352
\tabu@nbcols=\count353
\tabu@cnt=\count354
\tabu@Xcol=\count355
\tabu@alloc=\count356
\tabu@nested=\count357
\tabu@target=\dimen198
\tabu@spreadtarget=\dimen199
\tabu@naturalX=\dimen256
\tabucolX=\dimen257
\tabu@Xsum=\dimen258
\extrarowdepth=\dimen259
\abovetabulinesep=\dimen260
\belowtabulinesep=\dimen261
\tabustrutrule=\dimen262
\tabu@thebody=\toks39
\tabu@footnotes=\toks40
\tabu@box=\box75
\tabu@arstrutbox=\box76
\tabu@hleads=\box77
\tabu@vleads=\box78
\tabu@cellskip=\skip91
)
(/usr/share/texlive/texmf-dist/tex/latex/colortbl/colortbl.sty
Package: colortbl 2022/06/20 v1.0f Color table columns (DPC)

(/usr/share/texlive/texmf-dist/tex/latex/graphics/color.sty
Package: color 2022/01/06 v1.3d Standard LaTeX Color (DPC)

(/usr/share/texlive/texmf-dist/tex/latex/graphics-cfg/color.cfg
File: color.cfg 2016/01/02 v1.6 sample color configuration
)
Package color Info: Driver file: pdftex.def on input line 149.

(/usr/share/texlive/texmf-dist/tex/latex/graphics/mathcolor.ltx))
\everycr=\toks41
\minrowclearance=\skip92
\rownum=\count358
)
(/usr/share/texlive/texmf-dist/tex/latex/multirow/multirow.sty
Package: multirow 2021/03/15 v2.8 Span multiple rows of a table
\multirow@colwidth=\skip93
\multirow@cntb=\count359
\multirow@dima=\skip94
\bigstrutjot=\dimen263
)
(/usr/share/texlive/texmf-dist/tex/latex/xcolor/xcolor.sty
Package: xcolor 2022/06/12 v2.14 LaTeX color extensions (UK)

(/usr/share/texlive/texmf-dist/tex/latex/graphics-cfg/color.cfg
File: color.cfg 2016/01/02 v1.6 sample color configuration
)
Package xcolor Info: Driver file: pdftex.def on input line 227.
LaTeX Info: Redefining \color on input line 711.

(/usr/share/texlive/texmf-dist/tex/latex/graphics/mathcolor.ltx)
Package xcolor Info: Model `cmy' substituted by `cmy0' on input line 1353.
Package xcolor Info: Model `hsb' substituted by `rgb' on input line 1357.
Package xcolor Info: Model `RGB' extended on input line 1369.
Package xcolor Info: Model `HTML' substituted by `rgb' on input line 1371.
Package xcolor Info: Model `Hsb' substituted by `hsb' on input line 1372.
Package xcolor Info: Model `tHsb' substituted by `hsb' on input line 1373.
Package xcolor Info: Model `HSB' substituted by `hsb' on input line 1374.
Package xcolor Info: Model `Gray' substituted by `gray' on input line 1375.
Package xcolor Info: Model `wave' substituted by `hsb' on input line 1376.

(/usr/share/texlive/texmf-dist/tex/latex/graphics/dvipsnam.def
File: dvipsnam.def 2016/06/17 v3.0m Driver-dependent file (DPC,SPQR)
))
(/usr/share/texlive/texmf-dist/tex/latex/ocgx2/ocgx2.sty
Package: ocgx2 2022/12/16 v0.56 ports`ocgx'functionalitytodvips+ps2pdf,xelatexa
nddvipdfmx

(/usr/share/texlive/texmf-dist/tex/latex/ocgx2/ocgbase.sty
Package: ocgbase 2022/08/04 v0.22 support package for ocgx2.sty

(/usr/share/texlive/texmf-dist/tex/latex/media9/pdfbase.sty
Package: pdfbase 2022/08/04 v0.55 driver independent access to low-level PDF fe
atures
\g_pbs_page_int=\count360
\g_pbs_oc_int=\count361
)
\g_ocgbase_nd_int=\count362
)
\l_ocgxii_vp_cnt_int=\count363
\l_ocgxii_ve_cnt_int=\count364
\g_ocgxii_page_int=\count365
\g_ocgxii_widcount_int=\count366
)
(/usr/share/texlive/texmf-dist/tex/latex/hyperxmp/hyperxmp.sty
Package: hyperxmp 2022/10/16 v5.11 Store hyperref metadata in XMP format
\hyxmp@aep@toks=\toks42

(/usr/share/texlive/texmf-dist/tex/generic/stringenc/stringenc.sty
Package: stringenc 2019/11/29 v1.12 Convert strings between diff. encodings (HO
)
)
(/usr/share/texlive/texmf-dist/tex/latex/ifmtarg/ifmtarg.sty
Package: ifmtarg 2018/04/16 v1.2b check for an empty argument
)
\@hyxmp@count=\count367

(/usr/share/texlive/texmf-dist/tex/latex/oberdiek/ifdraft.sty
Package: ifdraft 2016/05/16 v1.4 Detect class options draft and final (HO)
)))
(/usr/share/texlive/texmf-dist/tex/latex/tools/xspace.sty
Package: xspace 2014/10/28 v1.13 Space after command names (DPC,MH)
)
(./components/commands.tex
\c@theorem=\count368
) (./components/glossary.tex)
\glswrite=\write5
\glo@acronym@file=\write6
\openout6 = `main.acn'.

Package glossaries Info: Writing glossary file main.acn on input line 62.
\glo@symbol@file=\write7
\openout7 = `main.sbn'.

Package glossaries Info: Writing glossary file main.sbn on input line 62.
runsystem(which pygmentize && touch main.aex)...executed.

runsystem(rm main.aex)...executed.

LaTeX Font Info:    Trying to load font information for OT1+ppl on input line 6
4.

(/usr/share/texlive/texmf-dist/tex/latex/psnfss/ot1ppl.fd
File: ot1ppl.fd 2001/06/04 font definitions for OT1/ppl.
) (./main.aux)
\openout1 = `main.aux'.

LaTeX Font Info:    Checking defaults for OML/cmm/m/it on input line 64.
LaTeX Font Info:    ... okay on input line 64.
LaTeX Font Info:    Checking defaults for OMS/cmsy/m/n on input line 64.
LaTeX Font Info:    ... okay on input line 64.
LaTeX Font Info:    Checking defaults for OT1/cmr/m/n on input line 64.
LaTeX Font Info:    ... okay on input line 64.
LaTeX Font Info:    Checking defaults for T1/cmr/m/n on input line 64.
LaTeX Font Info:    ... okay on input line 64.
LaTeX Font Info:    Checking defaults for TS1/cmr/m/n on input line 64.
LaTeX Font Info:    ... okay on input line 64.
LaTeX Font Info:    Checking defaults for OMX/cmex/m/n on input line 64.
LaTeX Font Info:    ... okay on input line 64.
LaTeX Font Info:    Checking defaults for U/cmr/m/n on input line 64.
LaTeX Font Info:    ... okay on input line 64.
LaTeX Font Info:    Checking defaults for PD1/pdf/m/n on input line 64.
LaTeX Font Info:    ... okay on input line 64.
LaTeX Font Info:    Checking defaults for PU/pdf/m/n on input line 64.
LaTeX Font Info:    ... okay on input line 64.
Package scrbase Info: activating english \partname on input line 64.
Package scrbase Info: activating english \chaptername on input line 64.
Package scrbase Info: activating english \appendixname on input line 64.
Package scrbase Info: activating english \figurename on input line 64.
Package scrbase Info: activating english \tablename on input line 64.
Package scrbase Info: activating english \contentsname on input line 64.
Package scrbase Info: activating english \listfigurename on input line 64.
Package scrbase Info: activating english \listtablename on input line 64.
Package scrbase Info: activating english \bibname on input line 64.
Package scrbase Info: activating english \indexname on input line 64.

(/usr/share/texlive/texmf-dist/tex/context/base/mkii/supp-pdf.mkii
[Loading MPS to PDF converter (version 2006.09.02).]
\scratchcounter=\count369
\scratchdimen=\dimen264
\scratchbox=\box79
\nofMPsegments=\count370
\nofMParguments=\count371
\everyMPshowfont=\toks43
\MPscratchCnt=\count372
\MPscratchDim=\dimen265
\MPnumerator=\count373
\makeMPintoPDFobject=\count374
\everyMPtoPDFconversion=\toks44
) (/usr/share/texlive/texmf-dist/tex/latex/epstopdf-pkg/epstopdf-base.sty
Package: epstopdf-base 2020-01-24 v2.11 Base part for package epstopdf
Package epstopdf-base Info: Redefining graphics rule for `.eps' on input line 4
85.

(/usr/share/texlive/texmf-dist/tex/latex/latexconfig/epstopdf-sys.cfg
File: epstopdf-sys.cfg 2010/07/13 v1.3 Configuration of (r)epstopdf for TeX Liv
e
))
Package hyperref Info: Link coloring ON on input line 64.

(./main.out) (./main.out)
\@outlinefile=\write8
\openout8 = `main.out'.

Class scrbook Info: loading recommended package `bookmark'.
(scrbook)           Using `bookmark' together with `hyperref' is recommended,
(scrbook)           because of handling of possible bookmark level gaps.
(scrbook)           You can avoid loading `bookmark' with KOMA-Script option
(scrbook)           `bookmarkpackage=false' before \begin{document} and
(scrbook)           you can avoid this message adding:
(scrbook)             \usepackage{bookmark}
(scrbook)           before \begin{document} on input line 64.

(/usr/share/texlive/texmf-dist/tex/latex/bookmark/bookmark.sty
Package: bookmark 2020-11-06 v1.29 PDF bookmarks (HO)

(/usr/share/texlive/texmf-dist/tex/latex/bookmark/bkm-pdftex.def
File: bkm-pdftex.def 2020-11-06 v1.29 bookmark driver for pdfTeX (HO)
\BKM@id=\count375
))
(./main.glsdefs)
Package caption Info: Begin \AtBeginDocument code.
Package caption Info: End \AtBeginDocument code.
Package newfloat Info: `float' package detected.
 (./components/cover.tex
<styles/tum_logo.pdf, id=6, 54.02504pt x 28.452pt>
File: styles/tum_logo.pdf Graphic file (type pdf)
<use styles/tum_logo.pdf>
Package pdftex.def Info: styles/tum_logo.pdf  used on input line 17.
(pdftex.def)             Requested size: 113.81102pt x 59.93935pt.
<styles/cse_logo.pdf, id=7, 544.43402pt x 188.705pt>
File: styles/cse_logo.pdf Graphic file (type pdf)
<use styles/cse_logo.pdf>
Package pdftex.def Info: styles/cse_logo.pdf  used on input line 32.
(pdftex.def)             Requested size: 113.81102pt x 39.44781pt.
) [1

\openout5 = `main.xdy'.



{/var/lib/texmf/fonts/map/pdftex/updmap/pdftex.map}{/usr/share/texlive/texmf-di
st/fonts/enc/dvips/base/8r.enc} <./styles/tum_logo.pdf> <./styles/cse_logo.pdf>
] [2


] (./components/titlepage.tex
File: styles/tum_logo.pdf Graphic file (type pdf)
<use styles/tum_logo.pdf>
Package pdftex.def Info: styles/tum_logo.pdf  used on input line 18.
(pdftex.def)             Requested size: 113.81102pt x 59.93935pt.
LaTeX Font Info:    Trying to load font information for U+msa on input line 32.


(/usr/share/texlive/texmf-dist/tex/latex/amsfonts/umsa.fd
File: umsa.fd 2013/01/14 v3.01 AMS symbols A
)
LaTeX Font Info:    Trying to load font information for U+msb on input line 32.


(/usr/share/texlive/texmf-dist/tex/latex/amsfonts/umsb.fd
File: umsb.fd 2013/01/14 v3.01 AMS symbols B
)
File: styles/cse_logo.pdf Graphic file (type pdf)
<use styles/cse_logo.pdf>
Package pdftex.def Info: styles/cse_logo.pdf  used on input line 41.
(pdftex.def)             Requested size: 113.81102pt x 39.44781pt.
)
(./components/disclaimer.tex [3] [4


] [5]) (./components/acknowledgements.tex
[6


]
Underfull \hbox (badness 10000) in paragraph at lines 17--18

 []


Underfull \hbox (badness 10000) in paragraph at lines 19--20

 []


Underfull \hbox (badness 10000) in paragraph at lines 21--22

 []


Underfull \hbox (badness 10000) in paragraph at lines 23--24

 []


Underfull \hbox (badness 10000) in paragraph at lines 25--26

 []


Underfull \hbox (badness 10000) in paragraph at lines 27--28

 []

) (./components/abstract.tex [7] [8


]) [9] [10


] (./main.toc [11] [12])
\tf@toc=\write9
\openout9 = `main.toc'.

 [13]
[14


] (./components/text.tex
part I.
Package scrkbase Info: You've told me to use the font selection of the element
(scrkbase)             `partprefix' that is an alias of element `partnumber'
(scrkbase)              on input line 12.
[1


] [2] (./chapters/Introduction.tex
chapter 1.
[3


]
Overfull \hbox (5.51338pt too wide) in paragraph at lines 10--17
\OT1/ppl/m/n/10.95 Expanding the scope to un-struc-tured mesh data, re-cent ad-
vance-ments have ex-plored graph-
 []

[4] [5]) [6]
part II.
Package scrkbase Info: You've told me to use the font selection of the element
(scrkbase)             `partprefix' that is an alias of element `partnumber'
(scrkbase)              on input line 21.
[7


] [8] (./chapters/Theory-CFD.tex
chapter 2.
<images/Theory-CFD/nozzle.png, id=382, 665.8476pt x 538.4115pt>
File: images/Theory-CFD/nozzle.png Graphic file (type png)
<use images/Theory-CFD/nozzle.png>
Package pdftex.def Info: images/Theory-CFD/nozzle.png  used on input line 8.
(pdftex.def)             Requested size: 227.62204pt x 184.05156pt.
<images/Theory-CFD/Coanda-effect.png, id=388, 860.21375pt x 314.17375pt>
File: images/Theory-CFD/Coanda-effect.png Graphic file (type png)
<use images/Theory-CFD/Coanda-effect.png>
Package pdftex.def Info: images/Theory-CFD/Coanda-effect.png  used on input lin
e 17.
(pdftex.def)             Requested size: 284.52756pt x 103.91734pt.
[9


]
<images/Theory-CFD/Flow Domain.png, id=399, 783.92876pt x 556.0775pt>
File: images/Theory-CFD/Flow Domain.png Graphic file (type png)
<use images/Theory-CFD/Flow Domain.png>
Package pdftex.def Info: images/Theory-CFD/Flow Domain.png  used on input line 
27.
(pdftex.def)             Requested size: 341.43306pt x 242.19722pt.

Underfull \vbox (badness 10000) has occurred while \output is active []

 [10 <./images/Theory-CFD/nozzle.png (PNG copy)> <./images/Theory-CFD/Coanda-ef
fect.png>]
[11 <./images/Theory-CFD/Flow Domain.png>] [12]
LaTeX Font Info:    Trying to load font information for OT1+pcr on input line 7
0.

(/usr/share/texlive/texmf-dist/tex/latex/psnfss/ot1pcr.fd
File: ot1pcr.fd 2001/06/04 font definitions for OT1/pcr.
) [13] [14]
<images/Theory-CFD/cfdvel.png, id=478, 1127.21124pt x 342.27875pt>
File: images/Theory-CFD/cfdvel.png Graphic file (type png)
<use images/Theory-CFD/cfdvel.png>
Package pdftex.def Info: images/Theory-CFD/cfdvel.png  used on input line 80.
(pdftex.def)             Requested size: 441.01772pt x 133.91643pt.

Overfull \hbox (7.6603pt too wide) in paragraph at lines 80--81
 [][] 
 []

<images/Theory-CFD/cfdp.png, id=479, 1123.19624pt x 341.275pt>
File: images/Theory-CFD/cfdp.png Graphic file (type png)
<use images/Theory-CFD/cfdp.png>
Package pdftex.def Info: images/Theory-CFD/cfdp.png  used on input line 86.
(pdftex.def)             Requested size: 441.01772pt x 133.99759pt.

Overfull \hbox (7.6603pt too wide) in paragraph at lines 86--87
 [][] 
 []

) (./chapters/Theory-Deep Learning.tex [15 <./images/Theory-CFD/cfdvel.png> <./
images/Theory-CFD/cfdp.png>] [16


]
chapter 3.
<images/Theory-DL/ActFn.png, id=499, 969.6225pt x 493.845pt>
File: images/Theory-DL/ActFn.png Graphic file (type png)
<use images/Theory-DL/ActFn.png>
Package pdftex.def Info: images/Theory-DL/ActFn.png  used on input line 15.
(pdftex.def)             Requested size: 284.52756pt x 144.91438pt.
<images/Theory-DL/ActGraphs.png, id=502, 677.53125pt x 664.4825pt>
File: images/Theory-DL/ActGraphs.png Graphic file (type png)
<use images/Theory-DL/ActGraphs.png>
Package pdftex.def Info: images/Theory-DL/ActGraphs.png  used on input line 22.

(pdftex.def)             Requested size: 227.62204pt x 223.23418pt.
<images/Theory-DL/MLP.png, id=506, 1015.795pt x 689.57625pt>
File: images/Theory-DL/MLP.png Graphic file (type png)
<use images/Theory-DL/MLP.png>
Package pdftex.def Info: images/Theory-DL/MLP.png  used on input line 30.
(pdftex.def)             Requested size: 256.0748pt x 173.83516pt.
[17] [18 <./images/Theory-DL/ActFn.png>] [19 <./images/Theory-DL/ActGraphs.png>
] [20 <./images/Theory-DL/MLP.png>]
Underfull \hbox (badness 10000) in paragraph at lines 69--74

 []

[21]
<images/Theory-DL/crossval.png, id=558, 865.926pt x 228.636pt>
File: images/Theory-DL/crossval.png Graphic file (type png)
<use images/Theory-DL/crossval.png>
Package pdftex.def Info: images/Theory-DL/crossval.png  used on input line 97.
(pdftex.def)             Requested size: 284.52756pt x 75.12566pt.
 [22] [23 <./images/Theory-DL/crossval.png>] [24]
LaTeX Font Info:    Trying to load font information for TS1+ppl on input line 1
41.

(/usr/share/texlive/texmf-dist/tex/latex/psnfss/ts1ppl.fd
File: ts1ppl.fd 2001/06/04 font definitions for TS1/ppl.
) [25]
<images/Theory-DL/Conv1.png, id=633, 1064.97874pt x 419.5675pt>
File: images/Theory-DL/Conv1.png Graphic file (type png)
<use images/Theory-DL/Conv1.png>
Package pdftex.def Info: images/Theory-DL/Conv1.png  used on input line 158.
(pdftex.def)             Requested size: 398.33858pt x 156.92769pt.
<images/Theory-DL/Pool.png, id=636, 549.05125pt x 355.3275pt>
File: images/Theory-DL/Pool.png Graphic file (type png)
<use images/Theory-DL/Pool.png>
Package pdftex.def Info: images/Theory-DL/Pool.png  used on input line 165.
(pdftex.def)             Requested size: 170.71652pt x 110.48111pt.
<images/Theory-DL/NNUnpool.png, id=637, 465.74pt x 223.83624pt>
File: images/Theory-DL/NNUnpool.png Graphic file (type png)
<use images/Theory-DL/NNUnpool.png>
Package pdftex.def Info: images/Theory-DL/NNUnpool.png  used on input line 171.

(pdftex.def)             Requested size: 170.71652pt x 82.04622pt.
 [26 <./images/Theory-DL/Conv1.png>]
<images/Theory-DL/UNet.png, id=648, 1560.83125pt x 1039.885pt>
File: images/Theory-DL/UNet.png Graphic file (type png)
<use images/Theory-DL/UNet.png>
Package pdftex.def Info: images/Theory-DL/UNet.png  used on input line 179.
(pdftex.def)             Requested size: 341.43306pt x 227.47427pt.
 [27 <./images/Theory-DL/Pool.png> <./images/Theory-DL/NNUnpool.png>]
<images/Theory-DL/Skip.png, id=663, 434.62375pt x 391.4625pt>
File: images/Theory-DL/Skip.png Graphic file (type png)
<use images/Theory-DL/Skip.png>
Package pdftex.def Info: images/Theory-DL/Skip.png  used on input line 190.
(pdftex.def)             Requested size: 142.26378pt x 128.1377pt.
 [28 <./images/Theory-DL/UNet.png>] [29 <./images/Theory-DL/Skip.png>]
<images/Theory-DL/AdjMat.png, id=697, 915.42pt x 246.9225pt>
File: images/Theory-DL/AdjMat.png Graphic file (type png)
<use images/Theory-DL/AdjMat.png>
Package pdftex.def Info: images/Theory-DL/AdjMat.png  used on input line 214.
(pdftex.def)             Requested size: 341.43306pt x 92.09459pt.

Underfull \hbox (badness 10000) in paragraph at lines 218--219

 []

[30 <./images/Theory-DL/AdjMat.png>]
Underfull \hbox (badness 10000) in paragraph at lines 234--251

 []

[31]) [32]
part III.
Package scrkbase Info: You've told me to use the font selection of the element
(scrkbase)             `partprefix' that is an alias of element `partnumber'
(scrkbase)              on input line 30.
[33


] [34] (./chapters/Methodology.tex
chapter 4.
<images/Methodology/Clipped.png, id=762, 721.69624pt x 463.7325pt>
File: images/Methodology/Clipped.png Graphic file (type png)
<use images/Methodology/Clipped.png>
Package pdftex.def Info: images/Methodology/Clipped.png  used on input line 17.

(pdftex.def)             Requested size: 284.52756pt x 182.82205pt.
<images/Methodology/AdjMatrix.png, id=763, 400.49625pt x 374.39874pt>
File: images/Methodology/AdjMatrix.png Graphic file (type png)
<use images/Methodology/AdjMatrix.png>
Package pdftex.def Info: images/Methodology/AdjMatrix.png  used on input line 2
3.
(pdftex.def)             Requested size: 170.71652pt x 159.59438pt.

Underfull \vbox (badness 1748) has occurred while \output is active []

 [35


]
[36 <./images/Methodology/Clipped.png>] [37 <./images/Methodology/AdjMatrix.png
>]
<images/Methodology/GraphUNet.png, id=803, 974.64125pt x 633.36626pt>
File: images/Methodology/GraphUNet.png Graphic file (type png)
<use images/Methodology/GraphUNet.png>
Package pdftex.def Info: images/Methodology/GraphUNet.png  used on input line 7
7.
(pdftex.def)             Requested size: 341.43306pt x 221.8748pt.
 [38]
Underfull \vbox (badness 2932) has occurred while \output is active []

 [39 <./images/Methodology/GraphUNet.png>]
<images/Methodology/allvelrecon.png, id=825, 591.4095pt x 404.712pt>
File: images/Methodology/allvelrecon.png Graphic file (type png)
<use images/Methodology/allvelrecon.png>
Package pdftex.def Info: images/Methodology/allvelrecon.png  used on input line
 148.
(pdftex.def)             Requested size: 398.33858pt x 272.58832pt.

Underfull \vbox (badness 5316) has occurred while \output is active []

 [40]
[41 <./images/Methodology/allvelrecon.png>]
<images/Methodology/Baselineprediction.png, id=846, 890.32625pt x 626.34pt>
File: images/Methodology/Baselineprediction.png Graphic file (type png)
<use images/Methodology/Baselineprediction.png>
Package pdftex.def Info: images/Methodology/Baselineprediction.png  used on inp
ut line 165.
(pdftex.def)             Requested size: 398.33858pt x 280.22566pt.
 [42]
Underfull \vbox (badness 10000) has occurred while \output is active []

 [43 <./images/Methodology/Baselineprediction.png>] [44]
<images/Methodology/presvelcomp.png, id=889, 781.11826pt x 341.47575pt>
File: images/Methodology/presvelcomp.png Graphic file (type png)
<use images/Methodology/presvelcomp.png>
Package pdftex.def Info: images/Methodology/presvelcomp.png  used on input line
 243.
(pdftex.def)             Requested size: 426.79134pt x 186.58257pt.
<images/Methodology/Asset 18.png, id=890, 1403.9652pt x 793.5246pt>
File: images/Methodology/Asset 18.png Graphic file (type png)
<use images/Methodology/Asset 18.png>
Package pdftex.def Info: images/Methodology/Asset 18.png  used on input line 25
1.
(pdftex.def)             Requested size: 398.33858pt x 225.13977pt.
<images/Methodology/Asset 17.png, id=891, 1338.6813pt x 813.0375pt>
File: images/Methodology/Asset 17.png Graphic file (type png)
<use images/Methodology/Asset 17.png>
Package pdftex.def Info: images/Methodology/Asset 17.png  used on input line 25
8.
(pdftex.def)             Requested size: 398.33858pt x 241.92818pt.
<images/Methodology/Asset 15.png, id=892, 1338.9222pt x 774.9753pt>
File: images/Methodology/Asset 15.png Graphic file (type png)
<use images/Methodology/Asset 15.png>
Package pdftex.def Info: images/Methodology/Asset 15.png  used on input line 27
0.
(pdftex.def)             Requested size: 398.33858pt x 230.55505pt.
<images/Methodology/Asset 14.png, id=893, 1349.2809pt x 774.9753pt>
File: images/Methodology/Asset 14.png Graphic file (type png)
<use images/Methodology/Asset 14.png>
Package pdftex.def Info: images/Methodology/Asset 14.png  used on input line 27
7.
(pdftex.def)             Requested size: 398.33858pt x 228.7931pt.

Overfull \hbox (5.0316pt too wide) in paragraph at lines 240--380
\OT1/ppl/m/n/10.95 from the three sur-ro-gates for four dif-fer-ent flow con-di
-tions. Fig-ure [][][][]4.6[][][][][][][][][][][][][][] pro-vides an overview
 []

[45 <./images/Methodology/presvelcomp.png>] [46]
Underfull \vbox (badness 3098) has occurred while \output is active []

 [47]
Overfull \hbox (4.0894pt too wide) in paragraph at lines 417--419
\OT1/ppl/m/n/10.95 mod-elling com-plex phys-i-cal phe-nom-ena. How-ever, the GN
N mod-els - \OT1/ppl/m/it/10.95 Graphknn\OT1/ppl/m/n/10.95 , \OT1/ppl/m/it/10.9
5 SAGEknn\OT1/ppl/m/n/10.95 ,
 []


Underfull \hbox (badness 10000) in paragraph at lines 417--419

 []

[48] [49]
Underfull \hbox (badness 10000) in paragraph at lines 437--441

 []

[50]) (./chapters/Cluster.tex [51] [52 <./images/Methodology/Asset 18.png (PNG 
copy)> <./images/Methodology/Asset 17.png (PNG copy)>] [53 <./images/Methodolog
y/Asset 15.png (PNG copy)> <./images/Methodology/Asset 14.png (PNG copy)>]
[54


]
chapter 5.

Overfull \hbox (14.45886pt too wide) in paragraph at lines 5--6
\OT1/ppl/m/n/10.95 Dimensionality re-duc-tion is cru-cial in sim-pli-fy-ing hig
h-dimensional data, mak-ing it amenable
 []


Underfull \vbox (badness 1400) has occurred while \output is active []

 [55]
<images/Clustering/tsne_sim_cmap.png, id=998, 798.985pt x 690.58pt>
File: images/Clustering/tsne_sim_cmap.png Graphic file (type png)
<use images/Clustering/tsne_sim_cmap.png>
Package pdftex.def Info: images/Clustering/tsne_sim_cmap.png  used on input lin
e 17.
(pdftex.def)             Requested size: 284.52756pt x 245.92157pt.
<images/Clustering/pca_sim_cmap.png, id=999, 814.04124pt x 698.61pt>
File: images/Clustering/pca_sim_cmap.png Graphic file (type png)
<use images/Clustering/pca_sim_cmap.png>
Package pdftex.def Info: images/Clustering/pca_sim_cmap.png  used on input line
 23.
(pdftex.def)             Requested size: 256.0748pt x 219.76483pt.
<images/Clustering/tsne_inlet_cmp.png, id=1000, 860.21375pt x 691.58376pt>
File: images/Clustering/tsne_inlet_cmp.png Graphic file (type png)
<use images/Clustering/tsne_inlet_cmp.png>
Package pdftex.def Info: images/Clustering/tsne_inlet_cmp.png  used on input li
ne 29.
(pdftex.def)             Requested size: 284.52756pt x 228.75098pt.

[56]
<images/Clustering/dbscan_tsne_sim.png, id=1011, 858.20625pt x 700.6175pt>
File: images/Clustering/dbscan_tsne_sim.png Graphic file (type png)
<use images/Clustering/dbscan_tsne_sim.png>
Package pdftex.def Info: images/Clustering/dbscan_tsne_sim.png  used on input l
ine 41.
(pdftex.def)             Requested size: 256.0748pt x 209.05367pt.
<images/Clustering/redgreen.png, id=1012, 693.792pt x 400.49625pt>
File: images/Clustering/redgreen.png Graphic file (type png)
<use images/Clustering/redgreen.png>
Package pdftex.def Info: images/Clustering/redgreen.png  used on input line 54.

(pdftex.def)             Requested size: 398.33858pt x 229.94133pt.
<images/Clustering/dbscan_pca_sim.png, id=1018, 695.59875pt x 701.62125pt>
File: images/Clustering/dbscan_pca_sim.png Graphic file (type png)
<use images/Clustering/dbscan_pca_sim.png>
Package pdftex.def Info: images/Clustering/dbscan_pca_sim.png  used on input li
ne 65.
(pdftex.def)             Requested size: 227.62204pt x 229.58725pt.
<images/Clustering/pca_tsne_sim_cmap.png, id=1019, 815.045pt x 694.595pt>
File: images/Clustering/pca_tsne_sim_cmap.png Graphic file (type png)
<use images/Clustering/pca_tsne_sim_cmap.png>
Package pdftex.def Info: images/Clustering/pca_tsne_sim_cmap.png  used on input
 line 71.
(pdftex.def)             Requested size: 284.52756pt x 242.47597pt.
<images/Clustering/dbscan_tsne_pca_sim.png, id=1020, 693.59125pt x 698.61pt>
File: images/Clustering/dbscan_tsne_pca_sim.png Graphic file (type png)
<use images/Clustering/dbscan_tsne_pca_sim.png>
Package pdftex.def Info: images/Clustering/dbscan_tsne_pca_sim.png  used on inp
ut line 77.
(pdftex.def)             Requested size: 284.52756pt x 286.59184pt.
<images/Clustering/tsne_sim_1dcmap.png, id=1022, 797.98125pt x 544.0325pt>
File: images/Clustering/tsne_sim_1dcmap.png Graphic file (type png)
<use images/Clustering/tsne_sim_1dcmap.png>
Package pdftex.def Info: images/Clustering/tsne_sim_1dcmap.png  used on input l
ine 87.
(pdftex.def)             Requested size: 284.52756pt x 193.97546pt.

Overfull \hbox (7.24226pt too wide) in paragraph at lines 58--91
\OT1/ppl/m/n/10.95 na-ture of the al-go-rithm, par-tic-u-larly in the ini-tial 
place-ment of points in the low-dimensional
 []

[57 <./images/Clustering/tsne_sim_cmap.png>]
Underfull \vbox (badness 8038) has occurred while \output is active []

 [58 <./images/Clustering/pca_sim_cmap.png>]) [59 <./images/Clustering/tsne_inl
et_cmp.png>] [60 <./images/Clustering/dbscan_tsne_sim.png> <./images/Clustering
/redgreen.png>] [61 <./images/Clustering/dbscan_pca_sim.png> <./images/Clusteri
ng/pca_tsne_sim_cmap.png>] [62 <./images/Clustering/dbscan_tsne_pca_sim.png> <.
/images/Clustering/tsne_sim_1dcmap.png>]
part IV.
Package scrkbase Info: You've told me to use the font selection of the element
(scrkbase)             `partprefix' that is an alias of element `partnumber'
(scrkbase)              on input line 48.
[63


] [64] (./chapters/Conclusion.tex
chapter 6.

Overfull \hbox (7.83539pt too wide) in paragraph at lines 47--48
\OT1/ppl/m/n/10.95 ing a base-line Graph U-Net and three other ar-chi-tec-tures
 | Graphknn, SAGEknn,
 []

[65


] [66]) [67] [68


] [69] [70] (./chapters/Appendix.tex
<images/Appendix/Asset 28.png, id=1125, 2513.0688pt x 3300.0891pt>
File: images/Appendix/Asset 28.png Graphic file (type png)
<use images/Appendix/Asset 28.png>
Package pdftex.def Info: images/Appendix/Asset 28.png  used on input line 5.
(pdftex.def)             Requested size: 398.33858pt x 523.03989pt.


LaTeX Warning: Float too large for page by 5.23964pt on input line 8.

<images/Appendix/loss.png, id=1126, 3486.7866pt x 2666.2812pt>
File: images/Appendix/loss.png Graphic file (type png)
<use images/Appendix/loss.png>
Package pdftex.def Info: images/Appendix/loss.png  used on input line 11.
(pdftex.def)             Requested size: 426.79134pt x 326.32735pt.
)) [71 <./images/Appendix/Asset 28.png (PNG copy)>] [72 <./images/Appendix/loss
.png (PNG copy)>] (./main.acr
LaTeX Font Info:    Trying to load font information for OT1+phv on input line 2
8.

(/usr/share/texlive/texmf-dist/tex/latex/psnfss/ot1phv.fd
File: ot1phv.fd 2020/03/25 scalable font definitions for OT1/phv.
) [73






]) (./main.sbl
[74] [75




]) (./main.bbl [76] [77


] [78] [79])
(/usr/share/texlive/texmf-dist/tex/generic/stringenc/se-pdfdoc.def
File: se-pdfdoc.def 2019/11/29 v1.12 stringenc: PDFDocEncoding
)
(/usr/share/texlive/texmf-dist/tex/generic/stringenc/se-utf8.def
File: se-utf8.def 2019/11/29 v1.12 stringenc: UTF-8
) [80]
(./main.aux)
 ***********
LaTeX2e <2023-06-01>
L3 programming layer <2020/03/25>
 ***********
Package rerunfilecheck Info: File `main.out' has not changed.
(rerunfilecheck)             Checksum: D41D8CD98F00B204E9800998ECF8427E;0.
 ) 
Here is how much of TeX's memory you used:
 30179 strings out of 477695
 562734 string characters out of 5831648
 1878759 words of memory out of 5000000
 49734 multiletter control sequences out of 15000+600000
 540544 words of font info for 103 fonts, out of 8000000 for 9000
 14 hyphenation exceptions out of 8191
 108i,20n,134p,10899b,762s stack positions out of 10000i,1000n,20000p,200000b,200000s
</usr/share/texlive/texmf-dist/fonts/type1/public/amsfonts/cm/cmbx10.pfb></us
r/share/texlive/texmf-dist/fonts/type1/public/amsfonts/cm/cmex10.pfb></usr/shar
e/texlive/texmf-dist/fonts/type1/public/amsfonts/cm/cmmi10.pfb></usr/share/texl
ive/texmf-dist/fonts/type1/public/amsfonts/cm/cmmi6.pfb></usr/share/texlive/tex
mf-dist/fonts/type1/public/amsfonts/cm/cmmi8.pfb></usr/share/texlive/texmf-dist
/fonts/type1/public/amsfonts/cm/cmr10.pfb></usr/share/texlive/texmf-dist/fonts/
type1/public/amsfonts/cm/cmr6.pfb></usr/share/texlive/texmf-dist/fonts/type1/pu
blic/amsfonts/cm/cmr8.pfb></usr/share/texlive/texmf-dist/fonts/type1/public/ams
fonts/cm/cmsy10.pfb></usr/share/texlive/texmf-dist/fonts/type1/public/amsfonts/
cm/cmsy8.pfb></usr/share/texlive/texmf-dist/fonts/type1/public/amsfonts/symbols
/msbm10.pfb></usr/share/texlive/texmf-dist/fonts/type1/urw/courier/ucrr8a.pfb><
/usr/share/texlive/texmf-dist/fonts/type1/urw/helvetic/uhvb8a.pfb></usr/share/t
exlive/texmf-dist/fonts/type1/urw/palatino/uplb8a.pfb></usr/share/texlive/texmf
-dist/fonts/type1/urw/palatino/uplr8a.pfb></usr/share/texlive/texmf-dist/fonts/
type1/urw/palatino/uplr8a.pfb></usr/share/texlive/texmf-dist/fonts/type1/urw/pa
latino/uplri8a.pfb></usr/share/texlive/texmf-dist/fonts/type1/urw/zapfding/uzdr
.pfb>
Output written on main.pdf (94 pages, 8712303 bytes).
PDF statistics:
 1634 PDF objects out of 1728 (max. 8388607)
 1406 compressed objects within 15 object streams
 423 named destinations out of 1000 (max. 500000)
 755 words of extra memory for PDF output out of 10000 (max. 10000000)

